<?xml version="1.0" encoding="UTF-8"?>
<!-- Generated by org.testng.reporters.JUnitXMLReporter -->
<testsuite ignored="0" hostname="S3XLAP222" failures="1" tests="1" name="Logintests" time="6.285" errors="0" timestamp="2025-12-30T21:50:03 IST">
  <testcase classname="tests.LoginTest" name="testValidateLogin" time="2.359">
    <failure type="java.lang.AssertionError" message="expected [Dashboard / nopCommerce administration] but found [Just a moment...]">
      <![CDATA[java.lang.AssertionError: expected [Dashboard / nopCommerce administration] but found [Just a moment...]
at tests.LoginTest.testValidateLogin(LoginTest.java:21)
at java.base/java.util.ArrayList.forEach(ArrayList.java:1596)
... Removed 31 stack frames]]>
    </failure>
  </testcase> <!-- testValidateLogin -->
</testsuite> <!-- Logintests -->
